Exception in thread "main" com.github.tomakehurst.wiremock.standalone.MappingFileException: Error loading file C:\Users\ASUS\PycharmProjects\mockwiz\wiremock_instances\889\mappings\testing1234-req.json:
Unrecognized field "body" (class com.github.tomakehurst.wiremock.matching.RequestPattern), not marked as ignorable
at com.github.tomakehurst.wiremock.standalone.JsonFileMappingsSource.loadMappingsInto(JsonFileMappingsSource.java:126)
at com.github.tomakehurst.wiremock.core.WireMockApp.loadMappingsUsing(WireMockApp.java:224)
at com.github.tomakehurst.wiremock.core.WireMockApp.loadDefaultMappings(WireMockApp.java:220)
at com.github.tomakehurst.wiremock.core.WireMockApp.<init>(WireMockApp.java:112)
at com.github.tomakehurst.wiremock.WireMockServer.<init>(WireMockServer.java:70)
at com.github.tomakehurst.wiremock.standalone.WireMockServerRunner.run(WireMockServerRunner.java:62)
at com.github.tomakehurst.wiremock.standalone.WireMockServerRunner.main(WireMockServerRunner.java:133)
/$$      /$$ /$$                     /$$      /$$                     /$$
| $$  /$ | $$|__/                    | $$$    /$$$                    | $$
| $$ /$$$| $$ /$$  /$$$$$$   /$$$$$$ | $$$$  /$$$$  /$$$$$$   /$$$$$$$| $$   /$$
| $$/$$ $$ $$| $$ /$$__  $$ /$$__  $$| $$ $$/$$ $$ /$$__  $$ /$$_____/| $$  /$$/
| $$$$_  $$$$| $$| $$  \__/| $$$$$$$$| $$  $$$| $$| $$  \ $$| $$      | $$$$$$/
| $$$/ \  $$$| $$| $$      | $$_____/| $$\  $ | $$| $$  | $$| $$      | $$_  $$
| $$/   \  $$| $$| $$      |  $$$$$$$| $$ \/  | $$|  $$$$$$/|  $$$$$$$| $$ \  $$
|__/     \__/|__/|__/       \_______/|__/     |__/ \______/  \_______/|__/  \__/

port:                         889
enable-browser-proxying:      false
disable-banner:               false
no-request-journal:           false
verbose:                      false

2025-07-05 16:54:28.086
Request was not matched
=======================

-----------------------------------------------------------------------------------------------------------------------
| Closest stub                                             | Request                                                  |
-----------------------------------------------------------------------------------------------------------------------
|
GET                                                        | GET
[path] /begini                                             | /segina                                             <<<<< URL does not match
|
|
-----------------------------------------------------------------------------------------------------------------------

2025-07-05 16:54:40.255
Request was not matched
=======================

-----------------------------------------------------------------------------------------------------------------------
| Closest stub                                             | Request                                                  |
-----------------------------------------------------------------------------------------------------------------------
|
GET                                                        | GET
[path] /begini                                             | /segina                                             <<<<< URL does not match
|
|
-----------------------------------------------------------------------------------------------------------------------

/$$      /$$ /$$                     /$$      /$$                     /$$
| $$  /$ | $$|__/                    | $$$    /$$$                    | $$
| $$ /$$$| $$ /$$  /$$$$$$   /$$$$$$ | $$$$  /$$$$  /$$$$$$   /$$$$$$$| $$   /$$
| $$/$$ $$ $$| $$ /$$__  $$ /$$__  $$| $$ $$/$$ $$ /$$__  $$ /$$_____/| $$  /$$/
| $$$$_  $$$$| $$| $$  \__/| $$$$$$$$| $$  $$$| $$| $$  \ $$| $$      | $$$$$$/
| $$$/ \  $$$| $$| $$      | $$_____/| $$\  $ | $$| $$  | $$| $$      | $$_  $$
| $$/   \  $$| $$| $$      |  $$$$$$$| $$ \/  | $$|  $$$$$$/|  $$$$$$$| $$ \  $$
|__/     \__/|__/|__/       \_______/|__/     |__/ \______/  \_______/|__/  \__/

port:                         889
enable-browser-proxying:      false
disable-banner:               false
no-request-journal:           false
verbose:                      false

/$$      /$$ /$$                     /$$      /$$                     /$$
| $$  /$ | $$|__/                    | $$$    /$$$                    | $$
| $$ /$$$| $$ /$$  /$$$$$$   /$$$$$$ | $$$$  /$$$$  /$$$$$$   /$$$$$$$| $$   /$$
| $$/$$ $$ $$| $$ /$$__  $$ /$$__  $$| $$ $$/$$ $$ /$$__  $$ /$$_____/| $$  /$$/
| $$$$_  $$$$| $$| $$  \__/| $$$$$$$$| $$  $$$| $$| $$  \ $$| $$      | $$$$$$/
| $$$/ \  $$$| $$| $$      | $$_____/| $$\  $ | $$| $$  | $$| $$      | $$_  $$
| $$/   \  $$| $$| $$      |  $$$$$$$| $$ \/  | $$|  $$$$$$/|  $$$$$$$| $$ \  $$
|__/     \__/|__/|__/       \_______/|__/     |__/ \______/  \_______/|__/  \__/

port:                         889
enable-browser-proxying:      false
disable-banner:               false
no-request-journal:           false
verbose:                      false

2025-07-05 17:52:14.014
Request was not matched
=======================

-----------------------------------------------------------------------------------------------------------------------
| Closest stub                                             | Request                                                  |
-----------------------------------------------------------------------------------------------------------------------
|
GET                                                        | GET
[path] /begini                                             | /segina                                             <<<<< URL does not match
|
|
-----------------------------------------------------------------------------------------------------------------------

/$$      /$$ /$$                     /$$      /$$                     /$$
| $$  /$ | $$|__/                    | $$$    /$$$                    | $$
| $$ /$$$| $$ /$$  /$$$$$$   /$$$$$$ | $$$$  /$$$$  /$$$$$$   /$$$$$$$| $$   /$$
| $$/$$ $$ $$| $$ /$$__  $$ /$$__  $$| $$ $$/$$ $$ /$$__  $$ /$$_____/| $$  /$$/
| $$$$_  $$$$| $$| $$  \__/| $$$$$$$$| $$  $$$| $$| $$  \ $$| $$      | $$$$$$/
| $$$/ \  $$$| $$| $$      | $$_____/| $$\  $ | $$| $$  | $$| $$      | $$_  $$
| $$/   \  $$| $$| $$      |  $$$$$$$| $$ \/  | $$|  $$$$$$/|  $$$$$$$| $$ \  $$
|__/     \__/|__/|__/       \_______/|__/     |__/ \______/  \_______/|__/  \__/

port:                         889
enable-browser-proxying:      false
disable-banner:               false
no-request-journal:           false
verbose:                      false

2025-07-05 17:53:27.239
Request was not matched
=======================

-----------------------------------------------------------------------------------------------------------------------
| Closest stub                                             | Request                                                  |
-----------------------------------------------------------------------------------------------------------------------
|
GET                                                        | GET
[path] /begini                                             | /segina                                             <<<<< URL does not match
|
|
-----------------------------------------------------------------------------------------------------------------------

2025-07-05 17:53:37.110
Request was not matched
=======================

-----------------------------------------------------------------------------------------------------------------------
| Closest stub                                             | Request                                                  |
-----------------------------------------------------------------------------------------------------------------------
|
GET                                                        | GET
[path] /begini                                             | /segina                                             <<<<< URL does not match
|
|
-----------------------------------------------------------------------------------------------------------------------

